0 info it worked if it ends with ok
1 verbose cli [ 'node', '/usr/local/bin/npm', 'run', 'serve' ]
2 info using npm@1.4.14
3 info using node@v0.10.29
4 verbose run-script [ 'preserve', 'serve', 'postserve' ]
5 info preserve BasicHtmlBoilerplate@0.0.1
6 info serve BasicHtmlBoilerplate@0.0.1
7 verbose unsafe-perm in lifecycle true
8 info BasicHtmlBoilerplate@0.0.1 Failed to exec serve script
9 error BasicHtmlBoilerplate@0.0.1 serve: `NODE_ENV=development gulp serve --debug`
9 error Exit status 1
10 error Failed at the BasicHtmlBoilerplate@0.0.1 serve script.
10 error This is most likely a problem with the BasicHtmlBoilerplate package,
10 error not with npm itself.
10 error Tell the author that this fails on your system:
10 error     NODE_ENV=development gulp serve --debug
10 error You can get their info via:
10 error     npm owner ls BasicHtmlBoilerplate
10 error There is likely additional logging output above.
11 error System Darwin 15.2.0
12 error command "node" "/usr/local/bin/npm" "run" "serve"
13 error cwd /Users/simonbrown/Documents/Development/boiler-flat
14 error node -v v0.10.29
15 error npm -v 1.4.14
16 error code ELIFECYCLE
17 verbose exit [ 1, true ]
